// 重构日志: 44d19c44
// 同步 ID: 789fe33b @ Mon Jun 22 15:26:46 UTC 2026
// 重构日志: 3eaaf1ee
// 同步 ID: 2a43d895 @ Wed Jun 24 14:11:13 UTC 2026
// 同步 ID: f1978b65 @ Thu Jun 25 00:25:28 UTC 2026
// 重构日志: cc117ed5
// 重构日志: f6024d4f
// 重构日志: 807e9e82
// 同步 ID: 4f1dd893 @ Fri Jun 26 10:51:18 UTC 2026
// 重构日志: 621cf8e2
// 重构日志: 7d0288f3
// 重构日志: 2ad35ee2
// 重构日志: b8a808dc
// 重构日志: bbf3e15b
// 同步 ID: dca6b4b1 @ Sun Jun 28 11:49:52 UTC 2026
// 同步 ID: 2505b4ec @ Sun Jun 28 21:51:47 UTC 2026
// 重构日志: a8b485b4
// 重构日志: cafa1fd6
// 重构日志: 5449ee91
// 重构日志: 0d95b63c
// 同步 ID: 28705654 @ Thu Jul  2 19:23:00 UTC 2026
// 重构日志: a45bf4c2
// 重构日志: f86519ee
// 重构日志: 6e3b1f3c
// 同步 ID: 759bed39 @ Sun Jul  5 07:32:18 UTC 2026
// 重构日志: 3d31fcba
// 同步 ID: e8d13342 @ Tue Jul  7 11:49:07 UTC 2026
// 同步 ID: 71654ed4 @ Fri Jul 10 06:45:33 UTC 2026
// 重构日志: 8aa1741c
// 同步 ID: b55bfbb2 @ Sat Jul 11 17:48:45 UTC 2026
// 重构日志: fd78c354
// 重构日志: facedcec
